<?xml version="1.0" encoding="UTF-8"?>
<testsuite xmlns:xsi="http://www.w3.org/2001/XMLSchema-instance" xsi:noNamespaceSchemaLocation="https://maven.apache.org/surefire/maven-surefire-plugin/xsd/surefire-test-report.xsd" name="com.hajiren.BlogserverApplicationTests" time="3.972" tests="1" errors="0" skipped="0" failures="0">
  <properties>
    <property name="sun.desktop" value="windows"/>
    <property name="awt.toolkit" value="sun.awt.windows.WToolkit"/>
    <property name="file.encoding.pkg" value="sun.io"/>
    <property name="java.specification.version" value="1.8"/>
    <property name="sun.cpu.isalist" value="amd64"/>
    <property name="sun.jnu.encoding" value="GBK"/>
    <property name="java.class.path" value="C:\Users\lgz97\IdeaProjects\blogserver\target\test-classes;C:\Users\lgz97\IdeaProjects\blogserver\target\classes;D:\IntelliJ IDEA 2019.3.1\apache-maven-3.6.3\repository\org\springframework\boot\spring-boot-starter-web\2.2.4.RELEASE\spring-boot-starter-web-2.2.4.RELEASE.jar;D:\IntelliJ IDEA 2019.3.1\apache-maven-3.6.3\repository\org\springframework\boot\spring-boot-starter\2.2.4.RELEASE\spring-boot-starter-2.2.4.RELEASE.jar;D:\IntelliJ IDEA 2019.3.1\apache-maven-3.6.3\repository\org\springframework\boot\spring-boot\2.2.4.RELEASE\spring-boot-2.2.4.RELEASE.jar;D:\IntelliJ IDEA 2019.3.1\apache-maven-3.6.3\repository\org\springframework\boot\spring-boot-autoconfigure\2.2.4.RELEASE\spring-boot-autoconfigure-2.2.4.RELEASE.jar;D:\IntelliJ IDEA 2019.3.1\apache-maven-3.6.3\repository\org\springframework\boot\spring-boot-starter-logging\2.2.4.RELEASE\spring-boot-starter-logging-2.2.4.RELEASE.jar;D:\IntelliJ IDEA 2019.3.1\apache-maven-3.6.3\repository\ch\qos\logback\logback-classic\1.2.3\logback-classic-1.2.3.jar;D:\IntelliJ IDEA 2019.3.1\apache-maven-3.6.3\repository\ch\qos\logback\logback-core\1.2.3\logback-core-1.2.3.jar;D:\IntelliJ IDEA 2019.3.1\apache-maven-3.6.3\repository\org\apache\logging\log4j\log4j-to-slf4j\2.12.1\log4j-to-slf4j-2.12.1.jar;D:\IntelliJ IDEA 2019.3.1\apache-maven-3.6.3\repository\org\apache\logging\log4j\log4j-api\2.12.1\log4j-api-2.12.1.jar;D:\IntelliJ IDEA 2019.3.1\apache-maven-3.6.3\repository\org\slf4j\jul-to-slf4j\1.7.30\jul-to-slf4j-1.7.30.jar;D:\IntelliJ IDEA 2019.3.1\apache-maven-3.6.3\repository\jakarta\annotation\jakarta.annotation-api\1.3.5\jakarta.annotation-api-1.3.5.jar;D:\IntelliJ IDEA 2019.3.1\apache-maven-3.6.3\repository\org\yaml\snakeyaml\1.25\snakeyaml-1.25.jar;D:\IntelliJ IDEA 2019.3.1\apache-maven-3.6.3\repository\org\springframework\boot\spring-boot-starter-json\2.2.4.RELEASE\spring-boot-starter-json-2.2.4.RELEASE.jar;D:\IntelliJ IDEA 2019.3.1\apache-maven-3.6.3\repository\com\fasterxml\jackson\core\jackson-databind\2.10.2\jackson-databind-2.10.2.jar;D:\IntelliJ IDEA 2019.3.1\apache-maven-3.6.3\repository\com\fasterxml\jackson\core\jackson-annotations\2.10.2\jackson-annotations-2.10.2.jar;D:\IntelliJ IDEA 2019.3.1\apache-maven-3.6.3\repository\com\fasterxml\jackson\core\jackson-core\2.10.2\jackson-core-2.10.2.jar;D:\IntelliJ IDEA 2019.3.1\apache-maven-3.6.3\repository\com\fasterxml\jackson\datatype\jackson-datatype-jdk8\2.10.2\jackson-datatype-jdk8-2.10.2.jar;D:\IntelliJ IDEA 2019.3.1\apache-maven-3.6.3\repository\com\fasterxml\jackson\datatype\jackson-datatype-jsr310\2.10.2\jackson-datatype-jsr310-2.10.2.jar;D:\IntelliJ IDEA 2019.3.1\apache-maven-3.6.3\repository\com\fasterxml\jackson\module\jackson-module-parameter-names\2.10.2\jackson-module-parameter-names-2.10.2.jar;D:\IntelliJ IDEA 2019.3.1\apache-maven-3.6.3\repository\org\springframework\boot\spring-boot-starter-tomcat\2.2.4.RELEASE\spring-boot-starter-tomcat-2.2.4.RELEASE.jar;D:\IntelliJ IDEA 2019.3.1\apache-maven-3.6.3\repository\org\apache\tomcat\embed\tomcat-embed-core\9.0.30\tomcat-embed-core-9.0.30.jar;D:\IntelliJ IDEA 2019.3.1\apache-maven-3.6.3\repository\org\apache\tomcat\embed\tomcat-embed-el\9.0.30\tomcat-embed-el-9.0.30.jar;D:\IntelliJ IDEA 2019.3.1\apache-maven-3.6.3\repository\org\apache\tomcat\embed\tomcat-embed-websocket\9.0.30\tomcat-embed-websocket-9.0.30.jar;D:\IntelliJ IDEA 2019.3.1\apache-maven-3.6.3\repository\org\springframework\boot\spring-boot-starter-validation\2.2.4.RELEASE\spring-boot-starter-validation-2.2.4.RELEASE.jar;D:\IntelliJ IDEA 2019.3.1\apache-maven-3.6.3\repository\jakarta\validation\jakarta.validation-api\2.0.2\jakarta.validation-api-2.0.2.jar;D:\IntelliJ IDEA 2019.3.1\apache-maven-3.6.3\repository\org\hibernate\validator\hibernate-validator\6.0.18.Final\hibernate-validator-6.0.18.Final.jar;D:\IntelliJ IDEA 2019.3.1\apache-maven-3.6.3\repository\org\jboss\logging\jboss-logging\3.4.1.Final\jboss-logging-3.4.1.Final.jar;D:\IntelliJ IDEA 2019.3.1\apache-maven-3.6.3\repository\com\fasterxml\classmate\1.5.1\classmate-1.5.1.jar;D:\IntelliJ IDEA 2019.3.1\apache-maven-3.6.3\repository\org\springframework\spring-web\5.2.3.RELEASE\spring-web-5.2.3.RELEASE.jar;D:\IntelliJ IDEA 2019.3.1\apache-maven-3.6.3\repository\org\springframework\spring-beans\5.2.3.RELEASE\spring-beans-5.2.3.RELEASE.jar;D:\IntelliJ IDEA 2019.3.1\apache-maven-3.6.3\repository\org\springframework\spring-webmvc\5.2.3.RELEASE\spring-webmvc-5.2.3.RELEASE.jar;D:\IntelliJ IDEA 2019.3.1\apache-maven-3.6.3\repository\org\springframework\spring-aop\5.2.3.RELEASE\spring-aop-5.2.3.RELEASE.jar;D:\IntelliJ IDEA 2019.3.1\apache-maven-3.6.3\repository\org\springframework\spring-context\5.2.3.RELEASE\spring-context-5.2.3.RELEASE.jar;D:\IntelliJ IDEA 2019.3.1\apache-maven-3.6.3\repository\org\springframework\spring-expression\5.2.3.RELEASE\spring-expression-5.2.3.RELEASE.jar;D:\IntelliJ IDEA 2019.3.1\apache-maven-3.6.3\repository\org\springframework\boot\spring-boot-starter-test\2.2.4.RELEASE\spring-boot-starter-test-2.2.4.RELEASE.jar;D:\IntelliJ IDEA 2019.3.1\apache-maven-3.6.3\repository\org\springframework\boot\spring-boot-test\2.2.4.RELEASE\spring-boot-test-2.2.4.RELEASE.jar;D:\IntelliJ IDEA 2019.3.1\apache-maven-3.6.3\repository\org\springframework\boot\spring-boot-test-autoconfigure\2.2.4.RELEASE\spring-boot-test-autoconfigure-2.2.4.RELEASE.jar;D:\IntelliJ IDEA 2019.3.1\apache-maven-3.6.3\repository\com\jayway\jsonpath\json-path\2.4.0\json-path-2.4.0.jar;D:\IntelliJ IDEA 2019.3.1\apache-maven-3.6.3\repository\net\minidev\json-smart\2.3\json-smart-2.3.jar;D:\IntelliJ IDEA 2019.3.1\apache-maven-3.6.3\repository\net\minidev\accessors-smart\1.2\accessors-smart-1.2.jar;D:\IntelliJ IDEA 2019.3.1\apache-maven-3.6.3\repository\org\ow2\asm\asm\5.0.4\asm-5.0.4.jar;D:\IntelliJ IDEA 2019.3.1\apache-maven-3.6.3\repository\org\slf4j\slf4j-api\1.7.30\slf4j-api-1.7.30.jar;D:\IntelliJ IDEA 2019.3.1\apache-maven-3.6.3\repository\jakarta\xml\bind\jakarta.xml.bind-api\2.3.2\jakarta.xml.bind-api-2.3.2.jar;D:\IntelliJ IDEA 2019.3.1\apache-maven-3.6.3\repository\jakarta\activation\jakarta.activation-api\1.2.1\jakarta.activation-api-1.2.1.jar;D:\IntelliJ IDEA 2019.3.1\apache-maven-3.6.3\repository\org\junit\jupiter\junit-jupiter\5.5.2\junit-jupiter-5.5.2.jar;D:\IntelliJ IDEA 2019.3.1\apache-maven-3.6.3\repository\org\junit\jupiter\junit-jupiter-params\5.5.2\junit-jupiter-params-5.5.2.jar;D:\IntelliJ IDEA 2019.3.1\apache-maven-3.6.3\repository\org\junit\jupiter\junit-jupiter-engine\5.5.2\junit-jupiter-engine-5.5.2.jar;D:\IntelliJ IDEA 2019.3.1\apache-maven-3.6.3\repository\org\junit\platform\junit-platform-engine\1.5.2\junit-platform-engine-1.5.2.jar;D:\IntelliJ IDEA 2019.3.1\apache-maven-3.6.3\repository\org\mockito\mockito-junit-jupiter\3.1.0\mockito-junit-jupiter-3.1.0.jar;D:\IntelliJ IDEA 2019.3.1\apache-maven-3.6.3\repository\org\assertj\assertj-core\3.13.2\assertj-core-3.13.2.jar;D:\IntelliJ IDEA 2019.3.1\apache-maven-3.6.3\repository\org\hamcrest\hamcrest\2.1\hamcrest-2.1.jar;D:\IntelliJ IDEA 2019.3.1\apache-maven-3.6.3\repository\org\mockito\mockito-core\3.1.0\mockito-core-3.1.0.jar;D:\IntelliJ IDEA 2019.3.1\apache-maven-3.6.3\repository\net\bytebuddy\byte-buddy\1.10.6\byte-buddy-1.10.6.jar;D:\IntelliJ IDEA 2019.3.1\apache-maven-3.6.3\repository\net\bytebuddy\byte-buddy-agent\1.10.6\byte-buddy-agent-1.10.6.jar;D:\IntelliJ IDEA 2019.3.1\apache-maven-3.6.3\repository\org\objenesis\objenesis\2.6\objenesis-2.6.jar;D:\IntelliJ IDEA 2019.3.1\apache-maven-3.6.3\repository\org\skyscreamer\jsonassert\1.5.0\jsonassert-1.5.0.jar;D:\IntelliJ IDEA 2019.3.1\apache-maven-3.6.3\repository\com\vaadin\external\google\android-json\0.0.20131108.vaadin1\android-json-0.0.20131108.vaadin1.jar;D:\IntelliJ IDEA 2019.3.1\apache-maven-3.6.3\repository\org\springframework\spring-core\5.2.3.RELEASE\spring-core-5.2.3.RELEASE.jar;D:\IntelliJ IDEA 2019.3.1\apache-maven-3.6.3\repository\org\springframework\spring-jcl\5.2.3.RELEASE\spring-jcl-5.2.3.RELEASE.jar;D:\IntelliJ IDEA 2019.3.1\apache-maven-3.6.3\repository\org\springframework\spring-test\5.2.3.RELEASE\spring-test-5.2.3.RELEASE.jar;D:\IntelliJ IDEA 2019.3.1\apache-maven-3.6.3\repository\org\xmlunit\xmlunit-core\2.6.3\xmlunit-core-2.6.3.jar;D:\IntelliJ IDEA 2019.3.1\apache-maven-3.6.3\repository\org\mybatis\spring\boot\mybatis-spring-boot-starter\1.3.1\mybatis-spring-boot-starter-1.3.1.jar;D:\IntelliJ IDEA 2019.3.1\apache-maven-3.6.3\repository\org\springframework\boot\spring-boot-starter-jdbc\2.2.4.RELEASE\spring-boot-starter-jdbc-2.2.4.RELEASE.jar;D:\IntelliJ IDEA 2019.3.1\apache-maven-3.6.3\repository\com\zaxxer\HikariCP\3.4.2\HikariCP-3.4.2.jar;D:\IntelliJ IDEA 2019.3.1\apache-maven-3.6.3\repository\org\springframework\spring-jdbc\5.2.3.RELEASE\spring-jdbc-5.2.3.RELEASE.jar;D:\IntelliJ IDEA 2019.3.1\apache-maven-3.6.3\repository\org\springframework\spring-tx\5.2.3.RELEASE\spring-tx-5.2.3.RELEASE.jar;D:\IntelliJ IDEA 2019.3.1\apache-maven-3.6.3\repository\org\mybatis\spring\boot\mybatis-spring-boot-autoconfigure\1.3.1\mybatis-spring-boot-autoconfigure-1.3.1.jar;D:\IntelliJ IDEA 2019.3.1\apache-maven-3.6.3\repository\org\mybatis\mybatis\3.4.5\mybatis-3.4.5.jar;D:\IntelliJ IDEA 2019.3.1\apache-maven-3.6.3\repository\org\mybatis\mybatis-spring\1.3.1\mybatis-spring-1.3.1.jar;D:\IntelliJ IDEA 2019.3.1\apache-maven-3.6.3\repository\com\alibaba\druid\1.0.29\druid-1.0.29.jar;C:\Program Files\Java\jdk1.8.0_191\jre\..\lib\jconsole.jar;C:\Program Files\Java\jdk1.8.0_191\jre\..\lib\tools.jar;D:\IntelliJ IDEA 2019.3.1\apache-maven-3.6.3\repository\commons-codec\commons-codec\1.11\commons-codec-1.11.jar;D:\IntelliJ IDEA 2019.3.1\apache-maven-3.6.3\repository\mysql\mysql-connector-java\8.0.19\mysql-connector-java-8.0.19.jar;D:\IntelliJ IDEA 2019.3.1\apache-maven-3.6.3\repository\commons-io\commons-io\2.5\commons-io-2.5.jar;D:\IntelliJ IDEA 2019.3.1\apache-maven-3.6.3\repository\aopalliance\aopalliance\1.0\aopalliance-1.0.jar;D:\IntelliJ IDEA 2019.3.1\apache-maven-3.6.3\repository\org\junit\jupiter\junit-jupiter-api\5.5.2\junit-jupiter-api-5.5.2.jar;D:\IntelliJ IDEA 2019.3.1\apache-maven-3.6.3\repository\org\apiguardian\apiguardian-api\1.1.0\apiguardian-api-1.1.0.jar;D:\IntelliJ IDEA 2019.3.1\apache-maven-3.6.3\repository\org\opentest4j\opentest4j\1.2.0\opentest4j-1.2.0.jar;D:\IntelliJ IDEA 2019.3.1\apache-maven-3.6.3\repository\org\junit\platform\junit-platform-commons\1.5.2\junit-platform-commons-1.5.2.jar;D:\IntelliJ IDEA 2019.3.1\apache-maven-3.6.3\repository\org\springframework\boot\spring-boot-starter-thymeleaf\2.2.4.RELEASE\spring-boot-starter-thymeleaf-2.2.4.RELEASE.jar;D:\IntelliJ IDEA 2019.3.1\apache-maven-3.6.3\repository\org\thymeleaf\thymeleaf-spring5\3.0.11.RELEASE\thymeleaf-spring5-3.0.11.RELEASE.jar;D:\IntelliJ IDEA 2019.3.1\apache-maven-3.6.3\repository\org\thymeleaf\thymeleaf\3.0.11.RELEASE\thymeleaf-3.0.11.RELEASE.jar;D:\IntelliJ IDEA 2019.3.1\apache-maven-3.6.3\repository\org\attoparser\attoparser\2.0.5.RELEASE\attoparser-2.0.5.RELEASE.jar;D:\IntelliJ IDEA 2019.3.1\apache-maven-3.6.3\repository\org\unbescape\unbescape\1.1.6.RELEASE\unbescape-1.1.6.RELEASE.jar;D:\IntelliJ IDEA 2019.3.1\apache-maven-3.6.3\repository\org\thymeleaf\extras\thymeleaf-extras-java8time\3.0.4.RELEASE\thymeleaf-extras-java8time-3.0.4.RELEASE.jar;D:\IntelliJ IDEA 2019.3.1\apache-maven-3.6.3\repository\com\alibaba\fastjson\1.2.51\fastjson-1.2.51.jar;"/>
    <property name="java.vm.vendor" value="Oracle Corporation"/>
    <property name="sun.arch.data.model" value="64"/>
    <property name="user.variant" value=""/>
    <property name="java.vendor.url" value="http://java.oracle.com/"/>
    <property name="user.timezone" value="Asia/Shanghai"/>
    <property name="java.vm.specification.version" value="1.8"/>
    <property name="os.name" value="Windows 10"/>
    <property name="user.country" value="CN"/>
    <property name="sun.java.launcher" value="SUN_STANDARD"/>
    <property name="sun.boot.library.path" value="C:\Program Files\Java\jdk1.8.0_191\jre\bin"/>
    <property name="sun.java.command" value="C:\Users\lgz97\AppData\Local\Temp\surefire1309262659162508369\surefirebooter799846837724930939.jar C:\Users\lgz97\AppData\Local\Temp\surefire1309262659162508369 2020-02-17T19-27-09_509-jvmRun1 surefire1126151541266642214tmp surefire_02316732756754783835tmp"/>
    <property name="surefire.test.class.path" value="C:\Users\lgz97\IdeaProjects\blogserver\target\test-classes;C:\Users\lgz97\IdeaProjects\blogserver\target\classes;D:\IntelliJ IDEA 2019.3.1\apache-maven-3.6.3\repository\org\springframework\boot\spring-boot-starter-web\2.2.4.RELEASE\spring-boot-starter-web-2.2.4.RELEASE.jar;D:\IntelliJ IDEA 2019.3.1\apache-maven-3.6.3\repository\org\springframework\boot\spring-boot-starter\2.2.4.RELEASE\spring-boot-starter-2.2.4.RELEASE.jar;D:\IntelliJ IDEA 2019.3.1\apache-maven-3.6.3\repository\org\springframework\boot\spring-boot\2.2.4.RELEASE\spring-boot-2.2.4.RELEASE.jar;D:\IntelliJ IDEA 2019.3.1\apache-maven-3.6.3\repository\org\springframework\boot\spring-boot-autoconfigure\2.2.4.RELEASE\spring-boot-autoconfigure-2.2.4.RELEASE.jar;D:\IntelliJ IDEA 2019.3.1\apache-maven-3.6.3\repository\org\springframework\boot\spring-boot-starter-logging\2.2.4.RELEASE\spring-boot-starter-logging-2.2.4.RELEASE.jar;D:\IntelliJ IDEA 2019.3.1\apache-maven-3.6.3\repository\ch\qos\logback\logback-classic\1.2.3\logback-classic-1.2.3.jar;D:\IntelliJ IDEA 2019.3.1\apache-maven-3.6.3\repository\ch\qos\logback\logback-core\1.2.3\logback-core-1.2.3.jar;D:\IntelliJ IDEA 2019.3.1\apache-maven-3.6.3\repository\org\apache\logging\log4j\log4j-to-slf4j\2.12.1\log4j-to-slf4j-2.12.1.jar;D:\IntelliJ IDEA 2019.3.1\apache-maven-3.6.3\repository\org\apache\logging\log4j\log4j-api\2.12.1\log4j-api-2.12.1.jar;D:\IntelliJ IDEA 2019.3.1\apache-maven-3.6.3\repository\org\slf4j\jul-to-slf4j\1.7.30\jul-to-slf4j-1.7.30.jar;D:\IntelliJ IDEA 2019.3.1\apache-maven-3.6.3\repository\jakarta\annotation\jakarta.annotation-api\1.3.5\jakarta.annotation-api-1.3.5.jar;D:\IntelliJ IDEA 2019.3.1\apache-maven-3.6.3\repository\org\yaml\snakeyaml\1.25\snakeyaml-1.25.jar;D:\IntelliJ IDEA 2019.3.1\apache-maven-3.6.3\repository\org\springframework\boot\spring-boot-starter-json\2.2.4.RELEASE\spring-boot-starter-json-2.2.4.RELEASE.jar;D:\IntelliJ IDEA 2019.3.1\apache-maven-3.6.3\repository\com\fasterxml\jackson\core\jackson-databind\2.10.2\jackson-databind-2.10.2.jar;D:\IntelliJ IDEA 2019.3.1\apache-maven-3.6.3\repository\com\fasterxml\jackson\core\jackson-annotations\2.10.2\jackson-annotations-2.10.2.jar;D:\IntelliJ IDEA 2019.3.1\apache-maven-3.6.3\repository\com\fasterxml\jackson\core\jackson-core\2.10.2\jackson-core-2.10.2.jar;D:\IntelliJ IDEA 2019.3.1\apache-maven-3.6.3\repository\com\fasterxml\jackson\datatype\jackson-datatype-jdk8\2.10.2\jackson-datatype-jdk8-2.10.2.jar;D:\IntelliJ IDEA 2019.3.1\apache-maven-3.6.3\repository\com\fasterxml\jackson\datatype\jackson-datatype-jsr310\2.10.2\jackson-datatype-jsr310-2.10.2.jar;D:\IntelliJ IDEA 2019.3.1\apache-maven-3.6.3\repository\com\fasterxml\jackson\module\jackson-module-parameter-names\2.10.2\jackson-module-parameter-names-2.10.2.jar;D:\IntelliJ IDEA 2019.3.1\apache-maven-3.6.3\repository\org\springframework\boot\spring-boot-starter-tomcat\2.2.4.RELEASE\spring-boot-starter-tomcat-2.2.4.RELEASE.jar;D:\IntelliJ IDEA 2019.3.1\apache-maven-3.6.3\repository\org\apache\tomcat\embed\tomcat-embed-core\9.0.30\tomcat-embed-core-9.0.30.jar;D:\IntelliJ IDEA 2019.3.1\apache-maven-3.6.3\repository\org\apache\tomcat\embed\tomcat-embed-el\9.0.30\tomcat-embed-el-9.0.30.jar;D:\IntelliJ IDEA 2019.3.1\apache-maven-3.6.3\repository\org\apache\tomcat\embed\tomcat-embed-websocket\9.0.30\tomcat-embed-websocket-9.0.30.jar;D:\IntelliJ IDEA 2019.3.1\apache-maven-3.6.3\repository\org\springframework\boot\spring-boot-starter-validation\2.2.4.RELEASE\spring-boot-starter-validation-2.2.4.RELEASE.jar;D:\IntelliJ IDEA 2019.3.1\apache-maven-3.6.3\repository\jakarta\validation\jakarta.validation-api\2.0.2\jakarta.validation-api-2.0.2.jar;D:\IntelliJ IDEA 2019.3.1\apache-maven-3.6.3\repository\org\hibernate\validator\hibernate-validator\6.0.18.Final\hibernate-validator-6.0.18.Final.jar;D:\IntelliJ IDEA 2019.3.1\apache-maven-3.6.3\repository\org\jboss\logging\jboss-logging\3.4.1.Final\jboss-logging-3.4.1.Final.jar;D:\IntelliJ IDEA 2019.3.1\apache-maven-3.6.3\repository\com\fasterxml\classmate\1.5.1\classmate-1.5.1.jar;D:\IntelliJ IDEA 2019.3.1\apache-maven-3.6.3\repository\org\springframework\spring-web\5.2.3.RELEASE\spring-web-5.2.3.RELEASE.jar;D:\IntelliJ IDEA 2019.3.1\apache-maven-3.6.3\repository\org\springframework\spring-beans\5.2.3.RELEASE\spring-beans-5.2.3.RELEASE.jar;D:\IntelliJ IDEA 2019.3.1\apache-maven-3.6.3\repository\org\springframework\spring-webmvc\5.2.3.RELEASE\spring-webmvc-5.2.3.RELEASE.jar;D:\IntelliJ IDEA 2019.3.1\apache-maven-3.6.3\repository\org\springframework\spring-aop\5.2.3.RELEASE\spring-aop-5.2.3.RELEASE.jar;D:\IntelliJ IDEA 2019.3.1\apache-maven-3.6.3\repository\org\springframework\spring-context\5.2.3.RELEASE\spring-context-5.2.3.RELEASE.jar;D:\IntelliJ IDEA 2019.3.1\apache-maven-3.6.3\repository\org\springframework\spring-expression\5.2.3.RELEASE\spring-expression-5.2.3.RELEASE.jar;D:\IntelliJ IDEA 2019.3.1\apache-maven-3.6.3\repository\org\springframework\boot\spring-boot-starter-test\2.2.4.RELEASE\spring-boot-starter-test-2.2.4.RELEASE.jar;D:\IntelliJ IDEA 2019.3.1\apache-maven-3.6.3\repository\org\springframework\boot\spring-boot-test\2.2.4.RELEASE\spring-boot-test-2.2.4.RELEASE.jar;D:\IntelliJ IDEA 2019.3.1\apache-maven-3.6.3\repository\org\springframework\boot\spring-boot-test-autoconfigure\2.2.4.RELEASE\spring-boot-test-autoconfigure-2.2.4.RELEASE.jar;D:\IntelliJ IDEA 2019.3.1\apache-maven-3.6.3\repository\com\jayway\jsonpath\json-path\2.4.0\json-path-2.4.0.jar;D:\IntelliJ IDEA 2019.3.1\apache-maven-3.6.3\repository\net\minidev\json-smart\2.3\json-smart-2.3.jar;D:\IntelliJ IDEA 2019.3.1\apache-maven-3.6.3\repository\net\minidev\accessors-smart\1.2\accessors-smart-1.2.jar;D:\IntelliJ IDEA 2019.3.1\apache-maven-3.6.3\repository\org\ow2\asm\asm\5.0.4\asm-5.0.4.jar;D:\IntelliJ IDEA 2019.3.1\apache-maven-3.6.3\repository\org\slf4j\slf4j-api\1.7.30\slf4j-api-1.7.30.jar;D:\IntelliJ IDEA 2019.3.1\apache-maven-3.6.3\repository\jakarta\xml\bind\jakarta.xml.bind-api\2.3.2\jakarta.xml.bind-api-2.3.2.jar;D:\IntelliJ IDEA 2019.3.1\apache-maven-3.6.3\repository\jakarta\activation\jakarta.activation-api\1.2.1\jakarta.activation-api-1.2.1.jar;D:\IntelliJ IDEA 2019.3.1\apache-maven-3.6.3\repository\org\junit\jupiter\junit-jupiter\5.5.2\junit-jupiter-5.5.2.jar;D:\IntelliJ IDEA 2019.3.1\apache-maven-3.6.3\repository\org\junit\jupiter\junit-jupiter-params\5.5.2\junit-jupiter-params-5.5.2.jar;D:\IntelliJ IDEA 2019.3.1\apache-maven-3.6.3\repository\org\junit\jupiter\junit-jupiter-engine\5.5.2\junit-jupiter-engine-5.5.2.jar;D:\IntelliJ IDEA 2019.3.1\apache-maven-3.6.3\repository\org\junit\platform\junit-platform-engine\1.5.2\junit-platform-engine-1.5.2.jar;D:\IntelliJ IDEA 2019.3.1\apache-maven-3.6.3\repository\org\mockito\mockito-junit-jupiter\3.1.0\mockito-junit-jupiter-3.1.0.jar;D:\IntelliJ IDEA 2019.3.1\apache-maven-3.6.3\repository\org\assertj\assertj-core\3.13.2\assertj-core-3.13.2.jar;D:\IntelliJ IDEA 2019.3.1\apache-maven-3.6.3\repository\org\hamcrest\hamcrest\2.1\hamcrest-2.1.jar;D:\IntelliJ IDEA 2019.3.1\apache-maven-3.6.3\repository\org\mockito\mockito-core\3.1.0\mockito-core-3.1.0.jar;D:\IntelliJ IDEA 2019.3.1\apache-maven-3.6.3\repository\net\bytebuddy\byte-buddy\1.10.6\byte-buddy-1.10.6.jar;D:\IntelliJ IDEA 2019.3.1\apache-maven-3.6.3\repository\net\bytebuddy\byte-buddy-agent\1.10.6\byte-buddy-agent-1.10.6.jar;D:\IntelliJ IDEA 2019.3.1\apache-maven-3.6.3\repository\org\objenesis\objenesis\2.6\objenesis-2.6.jar;D:\IntelliJ IDEA 2019.3.1\apache-maven-3.6.3\repository\org\skyscreamer\jsonassert\1.5.0\jsonassert-1.5.0.jar;D:\IntelliJ IDEA 2019.3.1\apache-maven-3.6.3\repository\com\vaadin\external\google\android-json\0.0.20131108.vaadin1\android-json-0.0.20131108.vaadin1.jar;D:\IntelliJ IDEA 2019.3.1\apache-maven-3.6.3\repository\org\springframework\spring-core\5.2.3.RELEASE\spring-core-5.2.3.RELEASE.jar;D:\IntelliJ IDEA 2019.3.1\apache-maven-3.6.3\repository\org\springframework\spring-jcl\5.2.3.RELEASE\spring-jcl-5.2.3.RELEASE.jar;D:\IntelliJ IDEA 2019.3.1\apache-maven-3.6.3\repository\org\springframework\spring-test\5.2.3.RELEASE\spring-test-5.2.3.RELEASE.jar;D:\IntelliJ IDEA 2019.3.1\apache-maven-3.6.3\repository\org\xmlunit\xmlunit-core\2.6.3\xmlunit-core-2.6.3.jar;D:\IntelliJ IDEA 2019.3.1\apache-maven-3.6.3\repository\org\mybatis\spring\boot\mybatis-spring-boot-starter\1.3.1\mybatis-spring-boot-starter-1.3.1.jar;D:\IntelliJ IDEA 2019.3.1\apache-maven-3.6.3\repository\org\springframework\boot\spring-boot-starter-jdbc\2.2.4.RELEASE\spring-boot-starter-jdbc-2.2.4.RELEASE.jar;D:\IntelliJ IDEA 2019.3.1\apache-maven-3.6.3\repository\com\zaxxer\HikariCP\3.4.2\HikariCP-3.4.2.jar;D:\IntelliJ IDEA 2019.3.1\apache-maven-3.6.3\repository\org\springframework\spring-jdbc\5.2.3.RELEASE\spring-jdbc-5.2.3.RELEASE.jar;D:\IntelliJ IDEA 2019.3.1\apache-maven-3.6.3\repository\org\springframework\spring-tx\5.2.3.RELEASE\spring-tx-5.2.3.RELEASE.jar;D:\IntelliJ IDEA 2019.3.1\apache-maven-3.6.3\repository\org\mybatis\spring\boot\mybatis-spring-boot-autoconfigure\1.3.1\mybatis-spring-boot-autoconfigure-1.3.1.jar;D:\IntelliJ IDEA 2019.3.1\apache-maven-3.6.3\repository\org\mybatis\mybatis\3.4.5\mybatis-3.4.5.jar;D:\IntelliJ IDEA 2019.3.1\apache-maven-3.6.3\repository\org\mybatis\mybatis-spring\1.3.1\mybatis-spring-1.3.1.jar;D:\IntelliJ IDEA 2019.3.1\apache-maven-3.6.3\repository\com\alibaba\druid\1.0.29\druid-1.0.29.jar;C:\Program Files\Java\jdk1.8.0_191\jre\..\lib\jconsole.jar;C:\Program Files\Java\jdk1.8.0_191\jre\..\lib\tools.jar;D:\IntelliJ IDEA 2019.3.1\apache-maven-3.6.3\repository\commons-codec\commons-codec\1.11\commons-codec-1.11.jar;D:\IntelliJ IDEA 2019.3.1\apache-maven-3.6.3\repository\mysql\mysql-connector-java\8.0.19\mysql-connector-java-8.0.19.jar;D:\IntelliJ IDEA 2019.3.1\apache-maven-3.6.3\repository\commons-io\commons-io\2.5\commons-io-2.5.jar;D:\IntelliJ IDEA 2019.3.1\apache-maven-3.6.3\repository\aopalliance\aopalliance\1.0\aopalliance-1.0.jar;D:\IntelliJ IDEA 2019.3.1\apache-maven-3.6.3\repository\org\junit\jupiter\junit-jupiter-api\5.5.2\junit-jupiter-api-5.5.2.jar;D:\IntelliJ IDEA 2019.3.1\apache-maven-3.6.3\repository\org\apiguardian\apiguardian-api\1.1.0\apiguardian-api-1.1.0.jar;D:\IntelliJ IDEA 2019.3.1\apache-maven-3.6.3\repository\org\opentest4j\opentest4j\1.2.0\opentest4j-1.2.0.jar;D:\IntelliJ IDEA 2019.3.1\apache-maven-3.6.3\repository\org\junit\platform\junit-platform-commons\1.5.2\junit-platform-commons-1.5.2.jar;D:\IntelliJ IDEA 2019.3.1\apache-maven-3.6.3\repository\org\springframework\boot\spring-boot-starter-thymeleaf\2.2.4.RELEASE\spring-boot-starter-thymeleaf-2.2.4.RELEASE.jar;D:\IntelliJ IDEA 2019.3.1\apache-maven-3.6.3\repository\org\thymeleaf\thymeleaf-spring5\3.0.11.RELEASE\thymeleaf-spring5-3.0.11.RELEASE.jar;D:\IntelliJ IDEA 2019.3.1\apache-maven-3.6.3\repository\org\thymeleaf\thymeleaf\3.0.11.RELEASE\thymeleaf-3.0.11.RELEASE.jar;D:\IntelliJ IDEA 2019.3.1\apache-maven-3.6.3\repository\org\attoparser\attoparser\2.0.5.RELEASE\attoparser-2.0.5.RELEASE.jar;D:\IntelliJ IDEA 2019.3.1\apache-maven-3.6.3\repository\org\unbescape\unbescape\1.1.6.RELEASE\unbescape-1.1.6.RELEASE.jar;D:\IntelliJ IDEA 2019.3.1\apache-maven-3.6.3\repository\org\thymeleaf\extras\thymeleaf-extras-java8time\3.0.4.RELEASE\thymeleaf-extras-java8time-3.0.4.RELEASE.jar;D:\IntelliJ IDEA 2019.3.1\apache-maven-3.6.3\repository\com\alibaba\fastjson\1.2.51\fastjson-1.2.51.jar;"/>
    <property name="sun.cpu.endian" value="little"/>
    <property name="user.home" value="C:\Users\lgz97"/>
    <property name="user.language" value="zh"/>
    <property name="java.specification.vendor" value="Oracle Corporation"/>
    <property name="java.home" value="C:\Program Files\Java\jdk1.8.0_191\jre"/>
    <property name="basedir" value="C:\Users\lgz97\IdeaProjects\blogserver"/>
    <property name="file.separator" value="\"/>
    <property name="line.separator" value="&#10;"/>
    <property name="java.vm.specification.vendor" value="Oracle Corporation"/>
    <property name="java.specification.name" value="Java Platform API Specification"/>
    <property name="java.awt.graphicsenv" value="sun.awt.Win32GraphicsEnvironment"/>
    <property name="surefire.real.class.path" value="C:\Users\lgz97\AppData\Local\Temp\surefire1309262659162508369\surefirebooter799846837724930939.jar"/>
    <property name="sun.boot.class.path" value="C:\Program Files\Java\jdk1.8.0_191\jre\lib\resources.jar;C:\Program Files\Java\jdk1.8.0_191\jre\lib\rt.jar;C:\Program Files\Java\jdk1.8.0_191\jre\lib\sunrsasign.jar;C:\Program Files\Java\jdk1.8.0_191\jre\lib\jsse.jar;C:\Program Files\Java\jdk1.8.0_191\jre\lib\jce.jar;C:\Program Files\Java\jdk1.8.0_191\jre\lib\charsets.jar;C:\Program Files\Java\jdk1.8.0_191\jre\lib\jfr.jar;C:\Program Files\Java\jdk1.8.0_191\jre\classes"/>
    <property name="user.script" value=""/>
    <property name="sun.management.compiler" value="HotSpot 64-Bit Tiered Compilers"/>
    <property name="java.runtime.version" value="1.8.0_191-b12"/>
    <property name="user.name" value="lgz97"/>
    <property name="path.separator" value=";"/>
    <property name="os.version" value="10.0"/>
    <property name="java.endorsed.dirs" value="C:\Program Files\Java\jdk1.8.0_191\jre\lib\endorsed"/>
    <property name="java.runtime.name" value="Java(TM) SE Runtime Environment"/>
    <property name="file.encoding" value="GBK"/>
    <property name="java.vm.name" value="Java HotSpot(TM) 64-Bit Server VM"/>
    <property name="localRepository" value="D:\IntelliJ IDEA 2019.3.1\apache-maven-3.6.3\repository"/>
    <property name="java.vendor.url.bug" value="http://bugreport.sun.com/bugreport/"/>
    <property name="java.io.tmpdir" value="C:\Users\lgz97\AppData\Local\Temp\"/>
    <property name="java.version" value="1.8.0_191"/>
    <property name="user.dir" value="C:\Users\lgz97\IdeaProjects\blogserver"/>
    <property name="os.arch" value="amd64"/>
    <property name="java.vm.specification.name" value="Java Virtual Machine Specification"/>
    <property name="java.awt.printerjob" value="sun.awt.windows.WPrinterJob"/>
    <property name="sun.os.patch.level" value=""/>
    <property name="java.library.path" value="C:\Program Files\Java\jdk1.8.0_191\jre\bin;C:\WINDOWS\Sun\Java\bin;C:\WINDOWS\system32;C:\WINDOWS;C:\Program Files (x86)\Common Files\Oracle\Java\javapath;C:\Program Files (x86)\Intel\Intel(R) Management Engine Components\iCLS\;C:\Program Files\Intel\Intel(R) Management Engine Components\iCLS\;C:\WINDOWS\system32;C:\WINDOWS;C:\WINDOWS\System32\Wbem;C:\WINDOWS\System32\WindowsPowerShell\v1.0\;C:\WINDOWS\System32\OpenSSH\;C:\Program Files (x86)\Intel\Intel(R) Management Engine Components\DAL;C:\Program Files\Intel\Intel(R) Management Engine Components\DAL;C:\Program Files (x86)\Intel\Intel(R) Management Engine Components\IPT;C:\Program Files\Intel\Intel(R) Management Engine Components\IPT;D:\Python27;D:\Python27\Scripts;D:\sbt\bin;D:\MiKTeX\miktex\bin\x64\;C:\Program Files\Intel\WiFi\bin\;C:\Program Files\Common Files\Intel\WirelessCommon\;D:\MySQL\MySQL Server 5.5\bin;C:\Program Files\Java\jdk1.8.0_191\bin\;D:\Anaconda;D:\Anaconda\Library\mingw-w64\bin;D:\Anaconda\Library\usr\bin;D:\Anaconda\Library\bin;D:\Anaconda\Scripts;D:\Anaconda2;D:\Anaconda2\Library\mingw-w64\bin;D:\Anaconda2\Library\usr\bin;D:\Anaconda2\Library\bin;D:\Anaconda2\Scripts;C:\Users\lgz97\AppData\Local\Microsoft\WindowsApps;C:\Users\lgz97\AppData\Local\GitHubDesktop\bin;C:\Users\lgz97\AppData\Local\Microsoft\WindowsApps;D:\CLion 2019.2.1\bin;;D:\JetBrains\IntelliJ IDEA 2019.3.3\bin;;D:\IntelliJ IDEA 2019.3.1\apache-maven-3.6.3\bin;&quot;D:\apache-tomcat-9.0.30\lib;D:\apache-tomcat-9.0.30\bin&quot;;;."/>
    <property name="java.vm.info" value="mixed mode"/>
    <property name="java.vendor" value="Oracle Corporation"/>
    <property name="java.vm.version" value="25.191-b12"/>
    <property name="java.ext.dirs" value="C:\Program Files\Java\jdk1.8.0_191\jre\lib\ext;C:\WINDOWS\Sun\Java\lib\ext"/>
    <property name="sun.io.unicode.encoding" value="UnicodeLittle"/>
    <property name="java.class.version" value="52.0"/>
  </properties>
  <testcase name="contextLoads" classname="com.hajiren.BlogserverApplicationTests" time="0.258"/>
</testsuite>